20230602	12:24:35	132e2655-1b89-4dfc-82f0-e94784163d4f	Too Many Requests: Too many login attempts from this IP, please try again after a 60 second pause	POST	/Login	http://localhost:3000
20230602	12:27:17	85692e04-0117-4b37-897e-cce9a7060091	Too Many Requests: Too many login attempts from this IP, please try again after a 60 second pause	POST	/Login	http://localhost:3000
20230602	12:27:22	03698958-d265-408c-bf0c-b1b13a8d83f4	Too Many Requests: Too many login attempts from this IP, please try again after a 60 second pause	POST	/Login	http://localhost:3000
20230602	12:27:26	2de64e0d-5584-41ff-9afd-da7dcea5999a	Too Many Requests: Too many login attempts from this IP, please try again after a 60 second pause	POST	/Login	http://localhost:3000
20230602	12:27:29	0ff924e4-304d-4795-b1bf-83976db3432c	Too Many Requests: Too many login attempts from this IP, please try again after a 60 second pause	POST	/Login	http://localhost:3000
20230602	12:27:31	bd0ddd5c-b1f0-4120-9acc-593413d643a1	Too Many Requests: Too many login attempts from this IP, please try again after a 60 second pause	POST	/Login	http://localhost:3000
20230602	12:27:50	91d8b225-cd9c-4d48-8fa7-d7749b2f117f	Too Many Requests: Too many login attempts from this IP, please try again after a 60 second pause	POST	/Login	http://localhost:3000
20230602	12:32:51	bc70c3b4-2585-4287-82e3-50ca1f89bc7e	Too Many Requests: Too many login attempts from this IP, please try again after a 2 Minute pause	POST	/Login	http://localhost:3000
20230602	12:37:36	3dad82cd-1afb-4dc5-8f6b-65a708ec2f7a	Too Many Requests: Too many login wait 5 Minute pause	POST	/Login	http://localhost:3000
20230602	12:38:06	c9d0961f-0d2b-4772-89fe-ddfcadc85255	Too Many Requests: Too many login wait 5 Minute pause	POST	/Login	http://localhost:3000
20230602	12:38:49	073edb0d-99ad-4970-8430-fe18863fc54a	Too Many Requests: Too many login wait 5 Minute pause	POST	/Login	http://localhost:3000
20230602	12:39:08	593a8fb5-9ec1-4d70-88a6-072f61d2a974	Too Many Requests: Too many login wait 5 Minute pause	POST	/Login	http://localhost:3000
20230602	12:39:34	2c1a5bb7-5241-4fad-8f13-033f8ffeb3f1	Too Many Requests: Too many login wait 5 Minute pause	POST	/Login	http://localhost:3000
20230602	12:40:28	402dfeae-4a7a-4d14-a818-7bd75123d837	Too Many Requests: Too many login wait 5 Minute pause	POST	/Login	http://localhost:3000
20230602	12:41:30	19d0481f-6b54-4f05-9795-2c6f3fc4bfec	Too Many Requests: Too many login wait 5 Minute pause	POST	/Login	http://localhost:3000
20230602	12:45:14	90a882c1-6d87-4045-85b3-3689ea715b03	Too Many Requests: Too many login wait 5 Minute pause	POST	/Login	http://localhost:3000
20230602	16:10:55	9f1d2d8e-4218-445b-80ab-96b8d9ef8bb3	Too Many Requests: Too many login wait 5 Minute pause	POST	/Login	http://localhost:3000
20230602	16:11:15	e827b1cc-90ed-4697-befe-2bfa9bed6f31	Too Many Requests: Too many login wait 5 Minute pause	POST	/Login	http://localhost:3000
20230602	16:11:19	2ce05bfb-4cb2-44b7-b0c9-350ba3795331	Too Many Requests: Too many login wait 5 Minute pause	POST	/Login	http://localhost:3000
20230604	19:09:37	8413ab29-356a-44f6-bc79-387393666cca	Too Many Requests: Too many login wait 5 Minute!	POST	/Login	http://localhost:3000
20230604	19:10:10	09fc81bc-0b58-4d8b-ac91-a04930260d50	Too Many Requests: Too many login wait 5 Minute!	POST	/Login	http://localhost:3000
20230604	19:10:32	da036038-6b46-4a9d-9d7a-ab516dea4db0	Too Many Requests: Too many login wait 5 Minute!	POST	/Login	http://localhost:3000
20230604	19:10:33	67cd2b38-2279-4016-a523-6aaed5adf93b	Too Many Requests: Too many login wait 5 Minute!	POST	/Login	http://localhost:3000
20230604	19:12:19	993928c2-30c4-48ef-a2d0-72675a19411b	Too Many Requests: Too many login wait 5 Minute!	POST	/Login	http://localhost:3000
20230604	20:40:18	6d2ccc78-6ef3-496a-8a93-123a029e4cca	Too Many Requests: Too many login wait 5 Minute!	POST	/Login	http://localhost:3000
